Jul 07 19:38:15 arthur sharpen-240[5059]: Processing time: 0.762689 seconds
Jul 07 19:38:15 arthur sharpen-240[5059]: Processing time: 0.761688 seconds
Jul 07 19:38:16 arthur sharpen-240[5059]: Processing time: 0.759106 seconds
Jul 07 19:38:17 arthur sharpen-240[5059]: Processing time: 0.762620 seconds
Jul 07 19:38:18 arthur sharpen-240[5059]: Processing time: 0.762938 seconds
Jul 07 19:38:18 arthur sharpen-240[5059]: Processing time: 0.761991 seconds
Jul 07 19:38:19 arthur sharpen-240[5059]: Processing time: 0.766949 seconds
Jul 07 19:38:19 arthur sudo[5057]: pam_unix(sudo:session): session closed for user root
Jul 07 19:39:48 arthur dbus-daemon[2668]: [session uid=1000 pid=2668] Activating service name='org.xfce.Xfconf' requested by ':1.13' (uid=1000 pid=2908 comm="xfce4-panel")
Jul 07 19:39:48 arthur dbus-daemon[2668]: [session uid=1000 pid=2668] Successfully activated service 'org.xfce.Xfconf'
Jul 07 19:41:45 arthur sudo[5092]:  gerritt : TTY=pts/2 ; PWD=/home/gerritt/repos/realtime-embedded-assignment-4/problem-4 ; USER=root ; COMMAND=./sharpen-240 Cactus-120kpixel.ppm Cactus-120kpixel-sharpen.ppm
Jul 07 19:41:45 arthur sudo[5092]: pam_unix(sudo:session): session opened for user root(uid=0) by gerritt(uid=1000)
Jul 07 19:41:45 arthur sharpen-240[5094]: Processing time: 0.396265 seconds
Jul 07 19:41:46 arthur sharpen-240[5094]: Processing time: 0.324926 seconds
Jul 07 19:41:46 arthur sharpen-240[5094]: Processing time: 0.324928 seconds
Jul 07 19:41:46 arthur sharpen-240[5094]: Processing time: 0.325199 seconds
Jul 07 19:41:47 arthur sharpen-240[5094]: Processing time: 0.324572 seconds
Jul 07 19:41:47 arthur sharpen-240[5094]: Processing time: 0.324967 seconds
Jul 07 19:41:47 arthur sharpen-240[5094]: Processing time: 0.324897 seconds
Jul 07 19:41:48 arthur sharpen-240[5094]: Processing time: 0.325617 seconds
Jul 07 19:41:48 arthur sharpen-240[5094]: Processing time: 0.324990 seconds
Jul 07 19:41:48 arthur sharpen-240[5094]: Processing time: 0.324960 seconds
Jul 07 19:41:49 arthur sharpen-240[5094]: Processing time: 0.324910 seconds
Jul 07 19:41:49 arthur sharpen-240[5094]: Processing time: 0.325054 seconds
Jul 07 19:41:49 arthur sharpen-240[5094]: Processing time: 0.325094 seconds
Jul 07 19:41:50 arthur sharpen-240[5094]: Processing time: 0.324850 seconds
Jul 07 19:41:50 arthur sharpen-240[5094]: Processing time: 0.317978 seconds
Jul 07 19:41:50 arthur sharpen-240[5094]: Processing time: 0.317870 seconds
Jul 07 19:41:51 arthur sharpen-240[5094]: Processing time: 0.317857 seconds
Jul 07 19:41:51 arthur sharpen-240[5094]: Processing time: 0.317657 seconds
Jul 07 19:41:51 arthur sharpen-240[5094]: Processing time: 0.316168 seconds
Jul 07 19:41:52 arthur sharpen-240[5094]: Processing time: 0.317875 seconds
Jul 07 19:41:52 arthur sharpen-240[5094]: Processing time: 0.317526 seconds
Jul 07 19:41:52 arthur sharpen-240[5094]: Processing time: 0.318128 seconds
Jul 07 19:41:53 arthur sharpen-240[5094]: Processing time: 0.317804 seconds
Jul 07 19:41:53 arthur sharpen-240[5094]: Processing time: 0.317750 seconds
Jul 07 19:41:53 arthur sharpen-240[5094]: Processing time: 0.317867 seconds
Jul 07 19:41:54 arthur sharpen-240[5094]: Processing time: 0.316060 seconds
Jul 07 19:41:54 arthur sharpen-240[5094]: Processing time: 0.317864 seconds
Jul 07 19:41:54 arthur sharpen-240[5094]: Processing time: 0.318127 seconds
Jul 07 19:41:54 arthur sharpen-240[5094]: Processing time: 0.318280 seconds
Jul 07 19:41:55 arthur sharpen-240[5094]: Processing time: 0.317328 seconds
Jul 07 19:41:55 arthur sharpen-240[5094]: Processing time: 0.318055 seconds
Jul 07 19:41:55 arthur sharpen-240[5094]: Processing time: 0.351872 seconds
Jul 07 19:41:56 arthur sharpen-240[5094]: Processing time: 0.315793 seconds
Jul 07 19:41:56 arthur sharpen-240[5094]: Processing time: 0.324885 seconds
Jul 07 19:41:56 arthur sharpen-240[5094]: Processing time: 0.318343 seconds
Jul 07 19:41:57 arthur sharpen-240[5094]: Processing time: 0.318136 seconds
Jul 07 19:41:57 arthur sharpen-240[5094]: Processing time: 0.317864 seconds
Jul 07 19:41:57 arthur sharpen-240[5094]: Processing time: 0.325058 seconds
Jul 07 19:41:58 arthur sharpen-240[5094]: Processing time: 0.325223 seconds
Jul 07 19:41:58 arthur sharpen-240[5094]: Processing time: 0.324704 seconds
Jul 07 19:41:58 arthur sharpen-240[5094]: Processing time: 0.325333 seconds
Jul 07 19:41:59 arthur sharpen-240[5094]: Processing time: 0.324631 seconds
Jul 07 19:41:59 arthur sharpen-240[5094]: Processing time: 0.325238 seconds
Jul 07 19:41:59 arthur sharpen-240[5094]: Processing time: 0.324928 seconds
Jul 07 19:42:00 arthur sharpen-240[5094]: Processing time: 0.325071 seconds
Jul 07 19:42:00 arthur sharpen-240[5094]: Processing time: 0.325557 seconds
Jul 07 19:42:00 arthur sharpen-240[5094]: Processing time: 0.326338 seconds
Jul 07 19:42:01 arthur sharpen-240[5094]: Processing time: 0.325000 seconds
Jul 07 19:42:01 arthur sharpen-240[5094]: Processing time: 0.322188 seconds
Jul 07 19:42:01 arthur sharpen-240[5094]: Processing time: 0.317547 seconds
Jul 07 19:42:02 arthur sharpen-240[5094]: Processing time: 0.318037 seconds
Jul 07 19:42:02 arthur sharpen-240[5094]: Processing time: 0.317931 seconds
Jul 07 19:42:02 arthur sharpen-240[5094]: Processing time: 0.317987 seconds
Jul 07 19:42:03 arthur sharpen-240[5094]: Processing time: 0.317420 seconds
Jul 07 19:42:03 arthur sharpen-240[5094]: Processing time: 0.317933 seconds
Jul 07 19:42:03 arthur sharpen-240[5094]: Processing time: 0.318002 seconds
Jul 07 19:42:03 arthur sharpen-240[5094]: Processing time: 0.317881 seconds
Jul 07 19:42:04 arthur sharpen-240[5094]: Processing time: 0.317269 seconds
Jul 07 19:42:04 arthur sharpen-240[5094]: Processing time: 0.318173 seconds
Jul 07 19:42:04 arthur sharpen-240[5094]: Processing time: 0.317869 seconds
Jul 07 19:42:05 arthur sharpen-240[5094]: Processing time: 0.317311 seconds
Jul 07 19:42:05 arthur sharpen-240[5094]: Processing time: 0.317826 seconds
Jul 07 19:42:05 arthur sharpen-240[5094]: Processing time: 0.317829 seconds
Jul 07 19:42:06 arthur sharpen-240[5094]: Processing time: 0.316800 seconds
Jul 07 19:42:06 arthur sharpen-240[5094]: Processing time: 0.317849 seconds
Jul 07 19:42:06 arthur sharpen-240[5094]: Processing time: 0.318081 seconds
Jul 07 19:42:07 arthur sharpen-240[5094]: Processing time: 0.317950 seconds
Jul 07 19:42:07 arthur sharpen-240[5094]: Processing time: 0.317405 seconds
Jul 07 19:42:07 arthur sharpen-240[5094]: Processing time: 0.317831 seconds
Jul 07 19:42:08 arthur sharpen-240[5094]: Processing time: 0.316814 seconds
Jul 07 19:42:08 arthur sharpen-240[5094]: Processing time: 0.317780 seconds
Jul 07 19:42:08 arthur sharpen-240[5094]: Processing time: 0.317871 seconds
Jul 07 19:42:09 arthur sharpen-240[5094]: Processing time: 0.317985 seconds
Jul 07 19:42:09 arthur sharpen-240[5094]: Processing time: 0.317679 seconds
Jul 07 19:42:09 arthur sharpen-240[5094]: Processing time: 0.316944 seconds
Jul 07 19:42:10 arthur sharpen-240[5094]: Processing time: 0.317617 seconds
Jul 07 19:42:10 arthur sharpen-240[5094]: Processing time: 0.318017 seconds
Jul 07 19:42:10 arthur sharpen-240[5094]: Processing time: 0.318270 seconds
Jul 07 19:42:10 arthur sharpen-240[5094]: Processing time: 0.317735 seconds
Jul 07 19:42:11 arthur sharpen-240[5094]: Processing time: 0.317671 seconds
Jul 07 19:42:11 arthur sharpen-240[5094]: Processing time: 0.317695 seconds
Jul 07 19:42:11 arthur sharpen-240[5094]: Processing time: 0.318075 seconds
Jul 07 19:42:12 arthur sharpen-240[5094]: Processing time: 0.317519 seconds
Jul 07 19:42:12 arthur sharpen-240[5094]: Processing time: 0.315933 seconds
Jul 07 19:42:12 arthur sharpen-240[5094]: Processing time: 0.317673 seconds
Jul 07 19:42:13 arthur sharpen-240[5094]: Processing time: 0.318371 seconds
Jul 07 19:42:13 arthur sharpen-240[5094]: Processing time: 0.317838 seconds
Jul 07 19:42:13 arthur sharpen-240[5094]: Processing time: 0.317941 seconds
Jul 07 19:42:14 arthur sharpen-240[5094]: Processing time: 0.317854 seconds
Jul 07 19:42:14 arthur sharpen-240[5094]: Processing time: 0.317125 seconds
Jul 07 19:42:14 arthur sharpen-240[5094]: Processing time: 0.317955 seconds
Jul 07 19:42:15 arthur sharpen-240[5094]: Processing time: 0.317371 seconds
Jul 07 19:42:15 arthur sharpen-240[5094]: Processing time: 0.318493 seconds
Jul 07 19:42:15 arthur sharpen-240[5094]: Processing time: 0.318494 seconds
Jul 07 19:42:16 arthur sharpen-240[5094]: Processing time: 0.325081 seconds
Jul 07 19:42:16 arthur sharpen-240[5094]: Processing time: 0.325127 seconds
Jul 07 19:42:16 arthur sharpen-240[5094]: Processing time: 0.325171 seconds
Jul 07 19:42:17 arthur sharpen-240[5094]: Processing time: 0.324949 seconds
Jul 07 19:42:17 arthur sharpen-240[5094]: Processing time: 0.325011 seconds
Jul 07 19:42:17 arthur sharpen-240[5094]: Processing time: 0.325469 seconds
Jul 07 19:42:18 arthur sharpen-240[5094]: Processing time: 0.325018 seconds
Jul 07 19:42:18 arthur sharpen-240[5094]: Processing time: 0.325039 seconds
Jul 07 19:42:18 arthur sharpen-240[5094]: Processing time: 0.322399 seconds
Jul 07 19:42:19 arthur sharpen-240[5094]: Processing time: 0.325050 seconds
Jul 07 19:42:19 arthur sharpen-240[5094]: Processing time: 0.325014 seconds
Jul 07 19:42:19 arthur sharpen-240[5094]: Processing time: 0.325338 seconds
Jul 07 19:42:19 arthur sharpen-240[5094]: Processing time: 0.325246 seconds
Jul 07 19:42:20 arthur sharpen-240[5094]: Processing time: 0.324647 seconds
Jul 07 19:42:20 arthur sharpen-240[5094]: Processing time: 0.325058 seconds
Jul 07 19:42:20 arthur sharpen-240[5094]: Processing time: 0.324949 seconds
Jul 07 19:42:21 arthur sharpen-240[5094]: Processing time: 0.324988 seconds
Jul 07 19:42:21 arthur sharpen-240[5094]: Processing time: 0.325460 seconds
Jul 07 19:42:21 arthur sharpen-240[5094]: Processing time: 0.325298 seconds
Jul 07 19:42:22 arthur sharpen-240[5094]: Processing time: 0.323922 seconds
Jul 07 19:42:22 arthur sharpen-240[5094]: Processing time: 0.324881 seconds
Jul 07 19:42:22 arthur sharpen-240[5094]: Processing time: 0.325505 seconds
Jul 07 19:42:23 arthur sharpen-240[5094]: Processing time: 0.324869 seconds
Jul 07 19:42:23 arthur sharpen-240[5094]: Processing time: 0.324689 seconds
Jul 07 19:42:23 arthur sharpen-240[5094]: Processing time: 0.322380 seconds
Jul 07 19:42:24 arthur sharpen-240[5094]: Processing time: 0.325211 seconds
Jul 07 19:42:24 arthur sharpen-240[5094]: Processing time: 0.324905 seconds
Jul 07 19:42:24 arthur sharpen-240[5094]: Processing time: 0.325372 seconds
Jul 07 19:42:25 arthur sharpen-240[5094]: Processing time: 0.325319 seconds
Jul 07 19:42:25 arthur sharpen-240[5094]: Processing time: 0.323714 seconds
Jul 07 19:42:25 arthur sharpen-240[5094]: Processing time: 0.325592 seconds
Jul 07 19:42:26 arthur sharpen-240[5094]: Processing time: 0.326199 seconds
Jul 07 19:42:26 arthur sharpen-240[5094]: Processing time: 0.324838 seconds
Jul 07 19:42:26 arthur sharpen-240[5094]: Processing time: 0.325424 seconds
Jul 07 19:42:27 arthur sharpen-240[5094]: Processing time: 0.325012 seconds
Jul 07 19:42:27 arthur sharpen-240[5094]: Processing time: 0.325178 seconds
Jul 07 19:42:27 arthur sharpen-240[5094]: Processing time: 0.325164 seconds
Jul 07 19:42:28 arthur sharpen-240[5094]: Processing time: 0.325258 seconds
Jul 07 19:42:28 arthur sharpen-240[5094]: Processing time: 0.324958 seconds
Jul 07 19:42:28 arthur sharpen-240[5094]: Processing time: 0.325045 seconds
Jul 07 19:42:29 arthur sharpen-240[5094]: Processing time: 0.325049 seconds
Jul 07 19:42:29 arthur sharpen-240[5094]: Processing time: 0.322126 seconds
Jul 07 19:42:29 arthur sharpen-240[5094]: Processing time: 0.325020 seconds
Jul 07 19:42:30 arthur sharpen-240[5094]: Processing time: 0.325155 seconds
Jul 07 19:42:30 arthur sharpen-240[5094]: Processing time: 0.324971 seconds
Jul 07 19:42:30 arthur sharpen-240[5094]: Processing time: 0.325094 seconds
Jul 07 19:42:31 arthur sharpen-240[5094]: Processing time: 0.325201 seconds
Jul 07 19:42:31 arthur sharpen-240[5094]: Processing time: 0.325013 seconds
Jul 07 19:42:31 arthur sharpen-240[5094]: Processing time: 0.323986 seconds
Jul 07 19:42:32 arthur sharpen-240[5094]: Processing time: 0.324180 seconds
Jul 07 19:42:32 arthur sharpen-240[5094]: Processing time: 0.324967 seconds
Jul 07 19:42:32 arthur sharpen-240[5094]: Processing time: 0.325281 seconds
Jul 07 19:42:32 arthur sharpen-240[5094]: Processing time: 0.325456 seconds
Jul 07 19:42:33 arthur sharpen-240[5094]: Processing time: 0.325154 seconds
Jul 07 19:42:33 arthur sharpen-240[5094]: Processing time: 0.324861 seconds
Jul 07 19:42:33 arthur sharpen-240[5094]: Processing time: 0.324376 seconds
Jul 07 19:42:34 arthur sharpen-240[5094]: Processing time: 0.325222 seconds
Jul 07 19:42:34 arthur sharpen-240[5094]: Processing time: 0.325243 seconds
Jul 07 19:42:34 arthur sharpen-240[5094]: Processing time: 0.322066 seconds
Jul 07 19:42:35 arthur sharpen-240[5094]: Processing time: 0.317686 seconds
Jul 07 19:42:35 arthur sharpen-240[5094]: Processing time: 0.317845 seconds
Jul 07 19:42:35 arthur sharpen-240[5094]: Processing time: 0.317715 seconds
Jul 07 19:42:36 arthur sharpen-240[5094]: Processing time: 0.317820 seconds
Jul 07 19:42:36 arthur sharpen-240[5094]: Processing time: 0.318006 seconds
Jul 07 19:42:36 arthur sharpen-240[5094]: Processing time: 0.317982 seconds
Jul 07 19:42:37 arthur sharpen-240[5094]: Processing time: 0.317900 seconds
Jul 07 19:42:37 arthur sharpen-240[5094]: Processing time: 0.317582 seconds
Jul 07 19:42:37 arthur sharpen-240[5094]: Processing time: 0.318126 seconds
Jul 07 19:42:38 arthur sharpen-240[5094]: Processing time: 0.318100 seconds
Jul 07 19:42:38 arthur sharpen-240[5094]: Processing time: 0.317937 seconds
Jul 07 19:42:38 arthur sharpen-240[5094]: Processing time: 0.318054 seconds
Jul 07 19:42:39 arthur sharpen-240[5094]: Processing time: 0.317735 seconds
Jul 07 19:42:39 arthur sharpen-240[5094]: Processing time: 0.318040 seconds
Jul 07 19:42:39 arthur sharpen-240[5094]: Processing time: 0.314823 seconds
Jul 07 19:42:40 arthur sharpen-240[5094]: Processing time: 0.317669 seconds
Jul 07 19:42:40 arthur sharpen-240[5094]: Processing time: 0.317912 seconds
Jul 07 19:42:40 arthur sharpen-240[5094]: Processing time: 0.318127 seconds
Jul 07 19:42:40 arthur sharpen-240[5094]: Processing time: 0.317735 seconds
Jul 07 19:42:41 arthur sharpen-240[5094]: Processing time: 0.317788 seconds
Jul 07 19:42:41 arthur sharpen-240[5094]: Processing time: 0.317949 seconds
Jul 07 19:42:41 arthur sharpen-240[5094]: Processing time: 0.321429 seconds
Jul 07 19:42:42 arthur sharpen-240[5094]: Processing time: 0.321981 seconds
Jul 07 19:42:42 arthur sharpen-240[5094]: Processing time: 0.325050 seconds
Jul 07 19:42:42 arthur sharpen-240[5094]: Processing time: 0.325034 seconds
Jul 07 19:42:43 arthur sharpen-240[5094]: Processing time: 0.325642 seconds
Jul 07 19:42:43 arthur sharpen-240[5094]: Processing time: 0.325062 seconds
Jul 07 19:42:43 arthur sharpen-240[5094]: Processing time: 0.324792 seconds
Jul 07 19:42:44 arthur sharpen-240[5094]: Processing time: 0.324797 seconds
Jul 07 19:42:44 arthur sharpen-240[5094]: Processing time: 0.325148 seconds
Jul 07 19:42:44 arthur sharpen-240[5094]: Processing time: 0.324955 seconds
Jul 07 19:42:45 arthur sharpen-240[5094]: Processing time: 0.325188 seconds
Jul 07 19:42:45 arthur sharpen-240[5094]: Processing time: 0.325460 seconds
Jul 07 19:42:45 arthur sharpen-240[5094]: Processing time: 0.321775 seconds
Jul 07 19:42:46 arthur sharpen-240[5094]: Processing time: 0.325062 seconds
Jul 07 19:42:46 arthur sharpen-240[5094]: Processing time: 0.325146 seconds
Jul 07 19:42:46 arthur sharpen-240[5094]: Processing time: 0.324981 seconds
Jul 07 19:42:47 arthur sharpen-240[5094]: Processing time: 0.325112 seconds
Jul 07 19:42:47 arthur sharpen-240[5094]: Processing time: 0.325313 seconds
Jul 07 19:42:47 arthur sharpen-240[5094]: Processing time: 0.325288 seconds
Jul 07 19:42:48 arthur sharpen-240[5094]: Processing time: 0.325064 seconds
Jul 07 19:42:48 arthur sharpen-240[5094]: Processing time: 0.325185 seconds
Jul 07 19:42:48 arthur sharpen-240[5094]: Processing time: 0.325627 seconds
Jul 07 19:42:49 arthur sharpen-240[5094]: Processing time: 0.325206 seconds
Jul 07 19:42:49 arthur sharpen-240[5094]: Processing time: 0.317919 seconds
Jul 07 19:42:49 arthur sharpen-240[5094]: Processing time: 0.317842 seconds
Jul 07 19:42:50 arthur sharpen-240[5094]: Processing time: 0.317704 seconds
Jul 07 19:42:50 arthur sharpen-240[5094]: Processing time: 0.317590 seconds
Jul 07 19:42:50 arthur sharpen-240[5094]: Processing time: 0.318041 seconds
Jul 07 19:42:51 arthur sharpen-240[5094]: Processing time: 0.317526 seconds
Jul 07 19:42:51 arthur sharpen-240[5094]: Processing time: 0.317878 seconds
Jul 07 19:42:51 arthur sharpen-240[5094]: Processing time: 0.317615 seconds
Jul 07 19:42:51 arthur sharpen-240[5094]: Processing time: 0.317889 seconds
Jul 07 19:42:52 arthur sharpen-240[5094]: Processing time: 0.317961 seconds
Jul 07 19:42:52 arthur sharpen-240[5094]: Processing time: 0.317996 seconds
Jul 07 19:42:52 arthur sharpen-240[5094]: Processing time: 0.317845 seconds
Jul 07 19:42:53 arthur sharpen-240[5094]: Processing time: 0.317318 seconds
Jul 07 19:42:53 arthur sharpen-240[5094]: Processing time: 0.317956 seconds
Jul 07 19:42:53 arthur sharpen-240[5094]: Processing time: 0.317593 seconds
Jul 07 19:42:54 arthur sharpen-240[5094]: Processing time: 0.317861 seconds
Jul 07 19:42:54 arthur sharpen-240[5094]: Processing time: 0.317538 seconds
Jul 07 19:42:54 arthur sharpen-240[5094]: Processing time: 0.317754 seconds
Jul 07 19:42:55 arthur sharpen-240[5094]: Processing time: 0.317736 seconds
Jul 07 19:42:55 arthur sharpen-240[5094]: Processing time: 0.317898 seconds
Jul 07 19:42:55 arthur sharpen-240[5094]: Processing time: 0.317985 seconds
Jul 07 19:42:56 arthur sharpen-240[5094]: Processing time: 0.317891 seconds
Jul 07 19:42:56 arthur sharpen-240[5094]: Processing time: 0.317944 seconds
Jul 07 19:42:56 arthur sharpen-240[5094]: Processing time: 0.317797 seconds
Jul 07 19:42:57 arthur sharpen-240[5094]: Processing time: 0.321060 seconds
Jul 07 19:42:57 arthur sharpen-240[5094]: Processing time: 0.325230 seconds
Jul 07 19:42:57 arthur sharpen-240[5094]: Processing time: 0.326705 seconds
Jul 07 19:42:58 arthur sharpen-240[5094]: Processing time: 0.325242 seconds
Jul 07 19:42:58 arthur sharpen-240[5094]: Processing time: 0.325108 seconds
Jul 07 19:42:58 arthur sharpen-240[5094]: Processing time: 0.325619 seconds
Jul 07 19:42:59 arthur sharpen-240[5094]: Processing time: 0.324930 seconds
Jul 07 19:42:59 arthur sharpen-240[5094]: Processing time: 0.325186 seconds
Jul 07 19:42:59 arthur sharpen-240[5094]: Processing time: 0.325448 seconds
Jul 07 19:42:59 arthur sharpen-240[5094]: Processing time: 0.325135 seconds
Jul 07 19:43:00 arthur sharpen-240[5094]: Processing time: 0.324960 seconds
Jul 07 19:43:00 arthur sharpen-240[5094]: Processing time: 0.324976 seconds
Jul 07 19:43:00 arthur sharpen-240[5094]: Processing time: 0.324909 seconds
Jul 07 19:43:01 arthur sharpen-240[5094]: Processing time: 0.324887 seconds
Jul 07 19:43:01 arthur sharpen-240[5094]: Processing time: 0.321913 seconds
Jul 07 19:43:01 arthur sharpen-240[5094]: Processing time: 0.325170 seconds
Jul 07 19:43:02 arthur sharpen-240[5094]: Processing time: 0.321570 seconds
Jul 07 19:43:02 arthur sharpen-240[5094]: Processing time: 0.324918 seconds
Jul 07 19:43:02 arthur sharpen-240[5094]: Processing time: 0.325404 seconds
Jul 07 19:43:02 arthur sudo[5092]: pam_unix(sudo:session): session closed for user root
