Jul 07 19:43:57 arthur sharpen-240[5119]: Processing time: 0.025198 seconds
Jul 07 19:43:57 arthur sharpen-240[5119]: Processing time: 0.025194 seconds
Jul 07 19:43:57 arthur sharpen-240[5119]: Processing time: 0.025191 seconds
Jul 07 19:43:57 arthur sharpen-240[5119]: Processing time: 0.025197 seconds
Jul 07 19:43:57 arthur sharpen-240[5119]: Processing time: 0.025191 seconds
Jul 07 19:43:58 arthur sharpen-240[5119]: Processing time: 0.025194 seconds
Jul 07 19:43:58 arthur sharpen-240[5119]: Processing time: 0.025190 seconds
Jul 07 19:43:58 arthur sudo[5117]: pam_unix(sudo:session): session closed for user root
Jul 07 19:49:48 arthur dbus-daemon[2668]: [session uid=1000 pid=2668] Activating service name='org.xfce.Xfconf' requested by ':1.13' (uid=1000 pid=2908 comm="xfce4-panel")
Jul 07 19:49:48 arthur dbus-daemon[2668]: [session uid=1000 pid=2668] Successfully activated service 'org.xfce.Xfconf'
Jul 07 19:53:01 arthur sudo[5244]:  gerritt : TTY=pts/2 ; PWD=/home/gerritt/repos/realtime-embedded-assignment-4/problem-4 ; USER=root ; COMMAND=./sharpen-240 Cactus-120kpixel.ppm Cactus-120kpixel-sharpen.ppm
Jul 07 19:53:01 arthur sudo[5244]: pam_unix(sudo:session): session opened for user root(uid=0) by gerritt(uid=1000)
Jul 07 19:53:01 arthur sharpen-240[5246]: Processing time: 0.004858 seconds
Jul 07 19:53:01 arthur sharpen-240[5246]: Processing time: 0.004459 seconds
Jul 07 19:53:01 arthur sharpen-240[5246]: Processing time: 0.004441 seconds
Jul 07 19:53:01 arthur sharpen-240[5246]: Processing time: 0.004435 seconds
Jul 07 19:53:01 arthur sharpen-240[5246]: Processing time: 0.004429 seconds
Jul 07 19:53:01 arthur sharpen-240[5246]: Processing time: 0.004448 seconds
Jul 07 19:53:01 arthur sharpen-240[5246]: Processing time: 0.004433 seconds
Jul 07 19:53:01 arthur sharpen-240[5246]: Processing time: 0.004432 seconds
Jul 07 19:53:01 arthur sharpen-240[5246]: Processing time: 0.004448 seconds
Jul 07 19:53:01 arthur sharpen-240[5246]: Processing time: 0.004432 seconds
Jul 07 19:53:01 arthur sharpen-240[5246]: Processing time: 0.004443 seconds
Jul 07 19:53:01 arthur sharpen-240[5246]: Processing time: 0.004441 seconds
Jul 07 19:53:01 arthur sharpen-240[5246]: Processing time: 0.004430 seconds
Jul 07 19:53:01 arthur sharpen-240[5246]: Processing time: 0.004437 seconds
Jul 07 19:53:01 arthur sharpen-240[5246]: Processing time: 0.004427 seconds
Jul 07 19:53:01 arthur sharpen-240[5246]: Processing time: 0.004438 seconds
Jul 07 19:53:01 arthur sharpen-240[5246]: Processing time: 0.004432 seconds
Jul 07 19:53:01 arthur sharpen-240[5246]: Processing time: 0.004446 seconds
Jul 07 19:53:01 arthur sharpen-240[5246]: Processing time: 0.004429 seconds
Jul 07 19:53:01 arthur sharpen-240[5246]: Processing time: 0.004426 seconds
Jul 07 19:53:01 arthur sharpen-240[5246]: Processing time: 0.004428 seconds
Jul 07 19:53:01 arthur sharpen-240[5246]: Processing time: 0.004431 seconds
Jul 07 19:53:01 arthur sharpen-240[5246]: Processing time: 0.004425 seconds
Jul 07 19:53:01 arthur sharpen-240[5246]: Processing time: 0.004426 seconds
Jul 07 19:53:01 arthur sharpen-240[5246]: Processing time: 0.004435 seconds
Jul 07 19:53:01 arthur sharpen-240[5246]: Processing time: 0.004441 seconds
Jul 07 19:53:01 arthur sharpen-240[5246]: Processing time: 0.004437 seconds
Jul 07 19:53:01 arthur sharpen-240[5246]: Processing time: 0.004436 seconds
Jul 07 19:53:01 arthur sharpen-240[5246]: Processing time: 0.004435 seconds
Jul 07 19:53:01 arthur sharpen-240[5246]: Processing time: 0.004432 seconds
Jul 07 19:53:01 arthur sharpen-240[5246]: Processing time: 0.004426 seconds
Jul 07 19:53:01 arthur sharpen-240[5246]: Processing time: 0.004425 seconds
Jul 07 19:53:01 arthur sharpen-240[5246]: Processing time: 0.004425 seconds
Jul 07 19:53:01 arthur sharpen-240[5246]: Processing time: 0.004433 seconds
Jul 07 19:53:01 arthur sharpen-240[5246]: Processing time: 0.004462 seconds
Jul 07 19:53:01 arthur sharpen-240[5246]: Processing time: 0.004427 seconds
Jul 07 19:53:01 arthur sharpen-240[5246]: Processing time: 0.004437 seconds
Jul 07 19:53:01 arthur sharpen-240[5246]: Processing time: 0.004447 seconds
Jul 07 19:53:01 arthur sharpen-240[5246]: Processing time: 0.004444 seconds
Jul 07 19:53:01 arthur sharpen-240[5246]: Processing time: 0.004438 seconds
Jul 07 19:53:01 arthur sharpen-240[5246]: Processing time: 0.004419 seconds
Jul 07 19:53:01 arthur sharpen-240[5246]: Processing time: 0.004425 seconds
Jul 07 19:53:01 arthur sharpen-240[5246]: Processing time: 0.004446 seconds
Jul 07 19:53:01 arthur sharpen-240[5246]: Processing time: 0.004441 seconds
Jul 07 19:53:01 arthur sharpen-240[5246]: Processing time: 0.004444 seconds
Jul 07 19:53:01 arthur sharpen-240[5246]: Processing time: 0.004436 seconds
Jul 07 19:53:01 arthur sharpen-240[5246]: Processing time: 0.004434 seconds
Jul 07 19:53:01 arthur sharpen-240[5246]: Processing time: 0.004426 seconds
Jul 07 19:53:01 arthur sharpen-240[5246]: Processing time: 0.004421 seconds
Jul 07 19:53:01 arthur sharpen-240[5246]: Processing time: 0.004428 seconds
Jul 07 19:53:01 arthur sharpen-240[5246]: Processing time: 0.004447 seconds
Jul 07 19:53:01 arthur sharpen-240[5246]: Processing time: 0.004450 seconds
Jul 07 19:53:01 arthur sharpen-240[5246]: Processing time: 0.004442 seconds
Jul 07 19:53:01 arthur sharpen-240[5246]: Processing time: 0.004434 seconds
Jul 07 19:53:01 arthur sharpen-240[5246]: Processing time: 0.004433 seconds
Jul 07 19:53:01 arthur sharpen-240[5246]: Processing time: 0.004433 seconds
Jul 07 19:53:01 arthur sharpen-240[5246]: Processing time: 0.004426 seconds
Jul 07 19:53:01 arthur sharpen-240[5246]: Processing time: 0.004430 seconds
Jul 07 19:53:01 arthur sharpen-240[5246]: Processing time: 0.004438 seconds
Jul 07 19:53:01 arthur sharpen-240[5246]: Processing time: 0.004443 seconds
Jul 07 19:53:01 arthur sharpen-240[5246]: Processing time: 0.004445 seconds
Jul 07 19:53:01 arthur sharpen-240[5246]: Processing time: 0.004436 seconds
Jul 07 19:53:01 arthur sharpen-240[5246]: Processing time: 0.004430 seconds
Jul 07 19:53:01 arthur sharpen-240[5246]: Processing time: 0.004442 seconds
Jul 07 19:53:01 arthur sharpen-240[5246]: Processing time: 0.004444 seconds
Jul 07 19:53:01 arthur sharpen-240[5246]: Processing time: 0.004420 seconds
Jul 07 19:53:01 arthur sharpen-240[5246]: Processing time: 0.004432 seconds
Jul 07 19:53:02 arthur sharpen-240[5246]: Processing time: 0.004428 seconds
Jul 07 19:53:02 arthur sharpen-240[5246]: Processing time: 0.004442 seconds
Jul 07 19:53:02 arthur sharpen-240[5246]: Processing time: 0.004421 seconds
Jul 07 19:53:02 arthur sharpen-240[5246]: Processing time: 0.004434 seconds
Jul 07 19:53:02 arthur sharpen-240[5246]: Processing time: 0.004433 seconds
Jul 07 19:53:02 arthur sharpen-240[5246]: Processing time: 0.004426 seconds
Jul 07 19:53:02 arthur sharpen-240[5246]: Processing time: 0.004435 seconds
Jul 07 19:53:02 arthur sharpen-240[5246]: Processing time: 0.004426 seconds
Jul 07 19:53:02 arthur sharpen-240[5246]: Processing time: 0.004428 seconds
Jul 07 19:53:02 arthur sharpen-240[5246]: Processing time: 0.004438 seconds
Jul 07 19:53:02 arthur sharpen-240[5246]: Processing time: 0.004435 seconds
Jul 07 19:53:02 arthur sharpen-240[5246]: Processing time: 0.004442 seconds
Jul 07 19:53:02 arthur sharpen-240[5246]: Processing time: 0.004486 seconds
Jul 07 19:53:02 arthur sharpen-240[5246]: Processing time: 0.004437 seconds
Jul 07 19:53:02 arthur sharpen-240[5246]: Processing time: 0.004426 seconds
Jul 07 19:53:02 arthur sharpen-240[5246]: Processing time: 0.004436 seconds
Jul 07 19:53:02 arthur sharpen-240[5246]: Processing time: 0.004431 seconds
Jul 07 19:53:02 arthur sharpen-240[5246]: Processing time: 0.004435 seconds
Jul 07 19:53:02 arthur sharpen-240[5246]: Processing time: 0.004443 seconds
Jul 07 19:53:02 arthur sharpen-240[5246]: Processing time: 0.004429 seconds
Jul 07 19:53:02 arthur sharpen-240[5246]: Processing time: 0.004438 seconds
Jul 07 19:53:02 arthur sharpen-240[5246]: Processing time: 0.004430 seconds
Jul 07 19:53:02 arthur sharpen-240[5246]: Processing time: 0.004426 seconds
Jul 07 19:53:02 arthur sharpen-240[5246]: Processing time: 0.004425 seconds
Jul 07 19:53:02 arthur sharpen-240[5246]: Processing time: 0.004432 seconds
Jul 07 19:53:02 arthur sharpen-240[5246]: Processing time: 0.004434 seconds
Jul 07 19:53:02 arthur sharpen-240[5246]: Processing time: 0.004438 seconds
Jul 07 19:53:02 arthur sharpen-240[5246]: Processing time: 0.004437 seconds
Jul 07 19:53:02 arthur sharpen-240[5246]: Processing time: 0.004432 seconds
Jul 07 19:53:02 arthur sharpen-240[5246]: Processing time: 0.004428 seconds
Jul 07 19:53:02 arthur sharpen-240[5246]: Processing time: 0.004426 seconds
Jul 07 19:53:02 arthur sharpen-240[5246]: Processing time: 0.004458 seconds
Jul 07 19:53:02 arthur sharpen-240[5246]: Processing time: 0.004430 seconds
Jul 07 19:53:02 arthur sharpen-240[5246]: Processing time: 0.004438 seconds
Jul 07 19:53:02 arthur sharpen-240[5246]: Processing time: 0.004442 seconds
Jul 07 19:53:02 arthur sharpen-240[5246]: Processing time: 0.004454 seconds
Jul 07 19:53:02 arthur sharpen-240[5246]: Processing time: 0.004440 seconds
Jul 07 19:53:02 arthur sharpen-240[5246]: Processing time: 0.004422 seconds
Jul 07 19:53:02 arthur sharpen-240[5246]: Processing time: 0.004450 seconds
Jul 07 19:53:02 arthur sharpen-240[5246]: Processing time: 0.004438 seconds
Jul 07 19:53:02 arthur sharpen-240[5246]: Processing time: 0.004435 seconds
Jul 07 19:53:02 arthur sharpen-240[5246]: Processing time: 0.004431 seconds
Jul 07 19:53:02 arthur sharpen-240[5246]: Processing time: 0.004435 seconds
Jul 07 19:53:02 arthur sharpen-240[5246]: Processing time: 0.004420 seconds
Jul 07 19:53:02 arthur sharpen-240[5246]: Processing time: 0.004453 seconds
Jul 07 19:53:02 arthur sharpen-240[5246]: Processing time: 0.004435 seconds
Jul 07 19:53:02 arthur sharpen-240[5246]: Processing time: 0.004446 seconds
Jul 07 19:53:02 arthur sharpen-240[5246]: Processing time: 0.004451 seconds
Jul 07 19:53:02 arthur sharpen-240[5246]: Processing time: 0.004440 seconds
Jul 07 19:53:02 arthur sharpen-240[5246]: Processing time: 0.004430 seconds
Jul 07 19:53:02 arthur sharpen-240[5246]: Processing time: 0.004427 seconds
Jul 07 19:53:02 arthur sharpen-240[5246]: Processing time: 0.004432 seconds
Jul 07 19:53:02 arthur sharpen-240[5246]: Processing time: 0.004442 seconds
Jul 07 19:53:02 arthur sharpen-240[5246]: Processing time: 0.004425 seconds
Jul 07 19:53:02 arthur sharpen-240[5246]: Processing time: 0.004425 seconds
Jul 07 19:53:02 arthur sharpen-240[5246]: Processing time: 0.004446 seconds
Jul 07 19:53:02 arthur sharpen-240[5246]: Processing time: 0.004441 seconds
Jul 07 19:53:02 arthur sharpen-240[5246]: Processing time: 0.004421 seconds
Jul 07 19:53:02 arthur sharpen-240[5246]: Processing time: 0.004425 seconds
Jul 07 19:53:02 arthur sharpen-240[5246]: Processing time: 0.004444 seconds
Jul 07 19:53:02 arthur sharpen-240[5246]: Processing time: 0.004431 seconds
Jul 07 19:53:02 arthur sharpen-240[5246]: Processing time: 0.004449 seconds
Jul 07 19:53:02 arthur sharpen-240[5246]: Processing time: 0.004437 seconds
Jul 07 19:53:02 arthur sharpen-240[5246]: Processing time: 0.004420 seconds
Jul 07 19:53:02 arthur sharpen-240[5246]: Processing time: 0.004436 seconds
Jul 07 19:53:02 arthur sharpen-240[5246]: Processing time: 0.004449 seconds
Jul 07 19:53:02 arthur sharpen-240[5246]: Processing time: 0.004428 seconds
Jul 07 19:53:02 arthur sharpen-240[5246]: Processing time: 0.004445 seconds
Jul 07 19:53:02 arthur sharpen-240[5246]: Processing time: 0.004436 seconds
Jul 07 19:53:02 arthur sharpen-240[5246]: Processing time: 0.004441 seconds
Jul 07 19:53:02 arthur sharpen-240[5246]: Processing time: 0.004434 seconds
Jul 07 19:53:02 arthur sharpen-240[5246]: Processing time: 0.004427 seconds
Jul 07 19:53:02 arthur sharpen-240[5246]: Processing time: 0.004443 seconds
Jul 07 19:53:02 arthur sharpen-240[5246]: Processing time: 0.004430 seconds
Jul 07 19:53:02 arthur sharpen-240[5246]: Processing time: 0.004444 seconds
Jul 07 19:53:02 arthur sharpen-240[5246]: Processing time: 0.004428 seconds
Jul 07 19:53:02 arthur sharpen-240[5246]: Processing time: 0.004429 seconds
Jul 07 19:53:02 arthur sharpen-240[5246]: Processing time: 0.004425 seconds
Jul 07 19:53:02 arthur sharpen-240[5246]: Processing time: 0.004460 seconds
Jul 07 19:53:02 arthur sharpen-240[5246]: Processing time: 0.004437 seconds
Jul 07 19:53:02 arthur sharpen-240[5246]: Processing time: 0.004433 seconds
Jul 07 19:53:02 arthur sharpen-240[5246]: Processing time: 0.004435 seconds
Jul 07 19:53:02 arthur sharpen-240[5246]: Processing time: 0.004434 seconds
Jul 07 19:53:02 arthur sharpen-240[5246]: Processing time: 0.004434 seconds
Jul 07 19:53:02 arthur sharpen-240[5246]: Processing time: 0.004437 seconds
Jul 07 19:53:02 arthur sharpen-240[5246]: Processing time: 0.004431 seconds
Jul 07 19:53:02 arthur sharpen-240[5246]: Processing time: 0.004422 seconds
Jul 07 19:53:02 arthur sharpen-240[5246]: Processing time: 0.004457 seconds
Jul 07 19:53:02 arthur sharpen-240[5246]: Processing time: 0.004431 seconds
Jul 07 19:53:02 arthur sharpen-240[5246]: Processing time: 0.004430 seconds
Jul 07 19:53:02 arthur sharpen-240[5246]: Processing time: 0.004429 seconds
Jul 07 19:53:02 arthur sharpen-240[5246]: Processing time: 0.004448 seconds
Jul 07 19:53:02 arthur sharpen-240[5246]: Processing time: 0.004423 seconds
Jul 07 19:53:02 arthur sharpen-240[5246]: Processing time: 0.004436 seconds
Jul 07 19:53:02 arthur sharpen-240[5246]: Processing time: 0.004426 seconds
Jul 07 19:53:02 arthur sharpen-240[5246]: Processing time: 0.004445 seconds
Jul 07 19:53:02 arthur sharpen-240[5246]: Processing time: 0.004437 seconds
Jul 07 19:53:02 arthur sharpen-240[5246]: Processing time: 0.004420 seconds
Jul 07 19:53:02 arthur sharpen-240[5246]: Processing time: 0.004424 seconds
Jul 07 19:53:02 arthur sharpen-240[5246]: Processing time: 0.004431 seconds
Jul 07 19:53:02 arthur sharpen-240[5246]: Processing time: 0.004423 seconds
Jul 07 19:53:02 arthur sharpen-240[5246]: Processing time: 0.004441 seconds
Jul 07 19:53:02 arthur sharpen-240[5246]: Processing time: 0.004425 seconds
Jul 07 19:53:02 arthur sharpen-240[5246]: Processing time: 0.004432 seconds
Jul 07 19:53:02 arthur sharpen-240[5246]: Processing time: 0.004443 seconds
Jul 07 19:53:02 arthur sharpen-240[5246]: Processing time: 0.004451 seconds
Jul 07 19:53:02 arthur sharpen-240[5246]: Processing time: 0.004433 seconds
Jul 07 19:53:02 arthur sharpen-240[5246]: Processing time: 0.004428 seconds
Jul 07 19:53:02 arthur sharpen-240[5246]: Processing time: 0.004422 seconds
Jul 07 19:53:02 arthur sharpen-240[5246]: Processing time: 0.004429 seconds
Jul 07 19:53:02 arthur sharpen-240[5246]: Processing time: 0.004426 seconds
Jul 07 19:53:02 arthur sharpen-240[5246]: Processing time: 0.004431 seconds
Jul 07 19:53:02 arthur sharpen-240[5246]: Processing time: 0.004445 seconds
Jul 07 19:53:02 arthur sharpen-240[5246]: Processing time: 0.004452 seconds
Jul 07 19:53:02 arthur sharpen-240[5246]: Processing time: 0.004433 seconds
Jul 07 19:53:02 arthur sharpen-240[5246]: Processing time: 0.004431 seconds
Jul 07 19:53:02 arthur sharpen-240[5246]: Processing time: 0.004444 seconds
Jul 07 19:53:02 arthur sharpen-240[5246]: Processing time: 0.004438 seconds
Jul 07 19:53:02 arthur sharpen-240[5246]: Processing time: 0.004450 seconds
Jul 07 19:53:02 arthur sharpen-240[5246]: Processing time: 0.004427 seconds
Jul 07 19:53:02 arthur sharpen-240[5246]: Processing time: 0.004439 seconds
Jul 07 19:53:02 arthur sharpen-240[5246]: Processing time: 0.004443 seconds
Jul 07 19:53:02 arthur sharpen-240[5246]: Processing time: 0.004426 seconds
Jul 07 19:53:02 arthur sharpen-240[5246]: Processing time: 0.004440 seconds
Jul 07 19:53:02 arthur sharpen-240[5246]: Processing time: 0.004424 seconds
Jul 07 19:53:02 arthur sharpen-240[5246]: Processing time: 0.004430 seconds
Jul 07 19:53:02 arthur sharpen-240[5246]: Processing time: 0.004424 seconds
Jul 07 19:53:02 arthur sharpen-240[5246]: Processing time: 0.004425 seconds
Jul 07 19:53:02 arthur sharpen-240[5246]: Processing time: 0.004419 seconds
Jul 07 19:53:02 arthur sharpen-240[5246]: Processing time: 0.004421 seconds
Jul 07 19:53:02 arthur sharpen-240[5246]: Processing time: 0.004441 seconds
Jul 07 19:53:02 arthur sharpen-240[5246]: Processing time: 0.004427 seconds
Jul 07 19:53:02 arthur sharpen-240[5246]: Processing time: 0.004429 seconds
Jul 07 19:53:02 arthur sharpen-240[5246]: Processing time: 0.004430 seconds
Jul 07 19:53:02 arthur sharpen-240[5246]: Processing time: 0.004437 seconds
Jul 07 19:53:02 arthur sharpen-240[5246]: Processing time: 0.004426 seconds
Jul 07 19:53:02 arthur sharpen-240[5246]: Processing time: 0.004449 seconds
Jul 07 19:53:02 arthur sharpen-240[5246]: Processing time: 0.004466 seconds
Jul 07 19:53:02 arthur sharpen-240[5246]: Processing time: 0.004439 seconds
Jul 07 19:53:02 arthur sharpen-240[5246]: Processing time: 0.004451 seconds
Jul 07 19:53:02 arthur sharpen-240[5246]: Processing time: 0.004431 seconds
Jul 07 19:53:02 arthur sharpen-240[5246]: Processing time: 0.004443 seconds
Jul 07 19:53:02 arthur sharpen-240[5246]: Processing time: 0.004427 seconds
Jul 07 19:53:02 arthur sharpen-240[5246]: Processing time: 0.004425 seconds
Jul 07 19:53:02 arthur sharpen-240[5246]: Processing time: 0.004467 seconds
Jul 07 19:53:02 arthur sharpen-240[5246]: Processing time: 0.004430 seconds
Jul 07 19:53:02 arthur sharpen-240[5246]: Processing time: 0.004440 seconds
Jul 07 19:53:02 arthur sharpen-240[5246]: Processing time: 0.004441 seconds
Jul 07 19:53:02 arthur sharpen-240[5246]: Processing time: 0.004433 seconds
Jul 07 19:53:02 arthur sharpen-240[5246]: Processing time: 0.004422 seconds
Jul 07 19:53:02 arthur sharpen-240[5246]: Processing time: 0.004431 seconds
Jul 07 19:53:02 arthur sharpen-240[5246]: Processing time: 0.004475 seconds
Jul 07 19:53:02 arthur sharpen-240[5246]: Processing time: 0.004418 seconds
Jul 07 19:53:02 arthur sharpen-240[5246]: Processing time: 0.004426 seconds
Jul 07 19:53:02 arthur sharpen-240[5246]: Processing time: 0.004453 seconds
Jul 07 19:53:02 arthur sharpen-240[5246]: Processing time: 0.004453 seconds
Jul 07 19:53:02 arthur sharpen-240[5246]: Processing time: 0.004432 seconds
Jul 07 19:53:02 arthur sharpen-240[5246]: Processing time: 0.004446 seconds
Jul 07 19:53:02 arthur sharpen-240[5246]: Processing time: 0.004490 seconds
Jul 07 19:53:02 arthur sharpen-240[5246]: Processing time: 0.004449 seconds
Jul 07 19:53:02 arthur sharpen-240[5246]: Processing time: 0.004435 seconds
Jul 07 19:53:02 arthur sharpen-240[5246]: Processing time: 0.004427 seconds
Jul 07 19:53:02 arthur sharpen-240[5246]: Processing time: 0.004442 seconds
Jul 07 19:53:02 arthur sharpen-240[5246]: Processing time: 0.004439 seconds
Jul 07 19:53:02 arthur sharpen-240[5246]: Processing time: 0.004461 seconds
Jul 07 19:53:02 arthur sharpen-240[5246]: Processing time: 0.004441 seconds
Jul 07 19:53:02 arthur sharpen-240[5246]: Processing time: 0.004434 seconds
Jul 07 19:53:02 arthur sharpen-240[5246]: Processing time: 0.004430 seconds
Jul 07 19:53:02 arthur sharpen-240[5246]: Processing time: 0.004450 seconds
Jul 07 19:53:02 arthur sharpen-240[5246]: Processing time: 0.004421 seconds
Jul 07 19:53:02 arthur sharpen-240[5246]: Processing time: 0.004421 seconds
Jul 07 19:53:02 arthur sharpen-240[5246]: Processing time: 0.004423 seconds
Jul 07 19:53:02 arthur sharpen-240[5246]: Processing time: 0.004454 seconds
Jul 07 19:53:02 arthur sudo[5244]: pam_unix(sudo:session): session closed for user root
