Jul 07 19:34:45 arthur sharpen-240[5038]: Processing time: 0.756090 seconds
Jul 07 19:34:46 arthur sharpen-240[5038]: Processing time: 0.758048 seconds
Jul 07 19:34:47 arthur sharpen-240[5038]: Processing time: 0.755446 seconds
Jul 07 19:34:47 arthur sharpen-240[5038]: Processing time: 0.755917 seconds
Jul 07 19:34:48 arthur sharpen-240[5038]: Processing time: 0.755379 seconds
Jul 07 19:34:49 arthur sharpen-240[5038]: Processing time: 0.754824 seconds
Jul 07 19:34:50 arthur sharpen-240[5038]: Processing time: 0.755536 seconds
Jul 07 19:34:50 arthur sharpen-240[5038]: Processing time: 0.755097 seconds
Jul 07 19:34:51 arthur sharpen-240[5038]: Processing time: 0.756786 seconds
Jul 07 19:34:51 arthur sudo[5036]: pam_unix(sudo:session): session closed for user root
Jul 07 19:35:14 arthur sudo[5057]:  gerritt : TTY=pts/2 ; PWD=/home/gerritt/repos/realtime-embedded-assignment-4/problem-4 ; USER=root ; COMMAND=./sharpen-240 Cactus-120kpixel.ppm Cactus-120kpixel-sharpen.ppm
Jul 07 19:35:14 arthur sudo[5057]: pam_unix(sudo:session): session opened for user root(uid=0) by gerritt(uid=1000)
Jul 07 19:35:15 arthur sharpen-240[5059]: Processing time: 0.762048 seconds
Jul 07 19:35:15 arthur sharpen-240[5059]: Processing time: 0.767512 seconds
Jul 07 19:35:16 arthur sharpen-240[5059]: Processing time: 0.772605 seconds
Jul 07 19:35:17 arthur sharpen-240[5059]: Processing time: 0.812216 seconds
Jul 07 19:35:18 arthur sharpen-240[5059]: Processing time: 0.773209 seconds
Jul 07 19:35:19 arthur sharpen-240[5059]: Processing time: 0.769741 seconds
Jul 07 19:35:19 arthur sharpen-240[5059]: Processing time: 0.772838 seconds
Jul 07 19:35:20 arthur sharpen-240[5059]: Processing time: 0.769899 seconds
Jul 07 19:35:21 arthur sharpen-240[5059]: Processing time: 0.769948 seconds
Jul 07 19:35:22 arthur sharpen-240[5059]: Processing time: 0.774039 seconds
Jul 07 19:35:22 arthur sharpen-240[5059]: Processing time: 0.770830 seconds
Jul 07 19:35:23 arthur sharpen-240[5059]: Processing time: 0.772756 seconds
Jul 07 19:35:24 arthur sharpen-240[5059]: Processing time: 0.771036 seconds
Jul 07 19:35:25 arthur sharpen-240[5059]: Processing time: 0.769966 seconds
Jul 07 19:35:25 arthur sharpen-240[5059]: Processing time: 0.770701 seconds
Jul 07 19:35:26 arthur sharpen-240[5059]: Processing time: 0.771243 seconds
Jul 07 19:35:27 arthur sharpen-240[5059]: Processing time: 0.771643 seconds
Jul 07 19:35:28 arthur sharpen-240[5059]: Processing time: 0.770360 seconds
Jul 07 19:35:29 arthur sharpen-240[5059]: Processing time: 0.770202 seconds
Jul 07 19:35:29 arthur sharpen-240[5059]: Processing time: 0.769933 seconds
Jul 07 19:35:30 arthur sharpen-240[5059]: Processing time: 0.773403 seconds
Jul 07 19:35:31 arthur sharpen-240[5059]: Processing time: 0.773534 seconds
Jul 07 19:35:32 arthur sharpen-240[5059]: Processing time: 0.773089 seconds
Jul 07 19:35:32 arthur sharpen-240[5059]: Processing time: 0.768718 seconds
Jul 07 19:35:33 arthur sharpen-240[5059]: Processing time: 0.771096 seconds
Jul 07 19:35:34 arthur sharpen-240[5059]: Processing time: 0.771483 seconds
Jul 07 19:35:35 arthur sharpen-240[5059]: Processing time: 0.770088 seconds
Jul 07 19:35:36 arthur sharpen-240[5059]: Processing time: 0.770938 seconds
Jul 07 19:35:36 arthur sharpen-240[5059]: Processing time: 0.771366 seconds
Jul 07 19:35:37 arthur sharpen-240[5059]: Processing time: 0.771711 seconds
Jul 07 19:35:38 arthur sharpen-240[5059]: Processing time: 0.770556 seconds
Jul 07 19:35:39 arthur sharpen-240[5059]: Processing time: 0.770913 seconds
Jul 07 19:35:39 arthur sharpen-240[5059]: Processing time: 0.774104 seconds
Jul 07 19:35:40 arthur sharpen-240[5059]: Processing time: 0.774091 seconds
Jul 07 19:35:41 arthur sharpen-240[5059]: Processing time: 0.773501 seconds
Jul 07 19:35:42 arthur sharpen-240[5059]: Processing time: 0.771277 seconds
Jul 07 19:35:42 arthur sharpen-240[5059]: Processing time: 0.771109 seconds
Jul 07 19:35:43 arthur sharpen-240[5059]: Processing time: 0.770014 seconds
Jul 07 19:35:44 arthur sharpen-240[5059]: Processing time: 0.770317 seconds
Jul 07 19:35:45 arthur sharpen-240[5059]: Processing time: 0.770849 seconds
Jul 07 19:35:46 arthur sharpen-240[5059]: Processing time: 0.777776 seconds
Jul 07 19:35:46 arthur sharpen-240[5059]: Processing time: 0.771322 seconds
Jul 07 19:35:47 arthur sharpen-240[5059]: Processing time: 0.772793 seconds
Jul 07 19:35:48 arthur sharpen-240[5059]: Processing time: 0.774336 seconds
Jul 07 19:35:49 arthur sharpen-240[5059]: Processing time: 0.774206 seconds
Jul 07 19:35:49 arthur sharpen-240[5059]: Processing time: 0.768789 seconds
Jul 07 19:35:50 arthur sharpen-240[5059]: Processing time: 0.771908 seconds
Jul 07 19:35:51 arthur sharpen-240[5059]: Processing time: 0.770203 seconds
Jul 07 19:35:52 arthur sharpen-240[5059]: Processing time: 0.770952 seconds
Jul 07 19:35:53 arthur sharpen-240[5059]: Processing time: 0.770261 seconds
Jul 07 19:35:53 arthur sharpen-240[5059]: Processing time: 0.771309 seconds
Jul 07 19:35:54 arthur sharpen-240[5059]: Processing time: 0.770286 seconds
Jul 07 19:35:55 arthur sharpen-240[5059]: Processing time: 0.771236 seconds
Jul 07 19:35:56 arthur sharpen-240[5059]: Processing time: 0.769592 seconds
Jul 07 19:35:56 arthur sharpen-240[5059]: Processing time: 0.770212 seconds
Jul 07 19:35:57 arthur sharpen-240[5059]: Processing time: 0.773292 seconds
Jul 07 19:35:58 arthur sharpen-240[5059]: Processing time: 0.774334 seconds
Jul 07 19:35:59 arthur sharpen-240[5059]: Processing time: 0.773384 seconds
Jul 07 19:35:59 arthur sharpen-240[5059]: Processing time: 0.771219 seconds
Jul 07 19:36:00 arthur sharpen-240[5059]: Processing time: 0.773052 seconds
Jul 07 19:36:01 arthur sharpen-240[5059]: Processing time: 0.770155 seconds
Jul 07 19:36:02 arthur sharpen-240[5059]: Processing time: 0.770920 seconds
Jul 07 19:36:03 arthur sharpen-240[5059]: Processing time: 0.770014 seconds
Jul 07 19:36:03 arthur sharpen-240[5059]: Processing time: 0.770522 seconds
Jul 07 19:36:04 arthur sharpen-240[5059]: Processing time: 0.770850 seconds
Jul 07 19:36:05 arthur sharpen-240[5059]: Processing time: 0.771090 seconds
Jul 07 19:36:06 arthur sharpen-240[5059]: Processing time: 0.774050 seconds
Jul 07 19:36:06 arthur sharpen-240[5059]: Processing time: 0.773655 seconds
Jul 07 19:36:07 arthur sharpen-240[5059]: Processing time: 0.775657 seconds
Jul 07 19:36:08 arthur sharpen-240[5059]: Processing time: 0.772213 seconds
Jul 07 19:36:09 arthur sharpen-240[5059]: Processing time: 0.771389 seconds
Jul 07 19:36:09 arthur sharpen-240[5059]: Processing time: 0.770915 seconds
Jul 07 19:36:10 arthur sharpen-240[5059]: Processing time: 0.773320 seconds
Jul 07 19:36:11 arthur sharpen-240[5059]: Processing time: 0.771684 seconds
Jul 07 19:36:12 arthur sharpen-240[5059]: Processing time: 0.773573 seconds
Jul 07 19:36:13 arthur sharpen-240[5059]: Processing time: 0.769583 seconds
Jul 07 19:36:13 arthur sharpen-240[5059]: Processing time: 0.769971 seconds
Jul 07 19:36:14 arthur sharpen-240[5059]: Processing time: 0.773889 seconds
Jul 07 19:36:15 arthur sharpen-240[5059]: Processing time: 0.773109 seconds
Jul 07 19:36:16 arthur sharpen-240[5059]: Processing time: 0.770405 seconds
Jul 07 19:36:16 arthur sharpen-240[5059]: Processing time: 0.781078 seconds
Jul 07 19:36:17 arthur sharpen-240[5059]: Processing time: 0.772148 seconds
Jul 07 19:36:18 arthur sharpen-240[5059]: Processing time: 0.771370 seconds
Jul 07 19:36:19 arthur sharpen-240[5059]: Processing time: 0.770747 seconds
Jul 07 19:36:20 arthur sharpen-240[5059]: Processing time: 0.771042 seconds
Jul 07 19:36:20 arthur sharpen-240[5059]: Processing time: 0.772198 seconds
Jul 07 19:36:21 arthur sharpen-240[5059]: Processing time: 0.769218 seconds
Jul 07 19:36:22 arthur sharpen-240[5059]: Processing time: 0.769793 seconds
Jul 07 19:36:23 arthur sharpen-240[5059]: Processing time: 0.774717 seconds
Jul 07 19:36:23 arthur sharpen-240[5059]: Processing time: 0.773834 seconds
Jul 07 19:36:24 arthur sharpen-240[5059]: Processing time: 0.770470 seconds
Jul 07 19:36:25 arthur sharpen-240[5059]: Processing time: 0.770907 seconds
Jul 07 19:36:26 arthur sharpen-240[5059]: Processing time: 0.771955 seconds
Jul 07 19:36:26 arthur sharpen-240[5059]: Processing time: 0.767132 seconds
Jul 07 19:36:27 arthur sharpen-240[5059]: Processing time: 0.773412 seconds
Jul 07 19:36:28 arthur sharpen-240[5059]: Processing time: 0.770219 seconds
Jul 07 19:36:29 arthur sharpen-240[5059]: Processing time: 0.770570 seconds
Jul 07 19:36:30 arthur sharpen-240[5059]: Processing time: 0.770684 seconds
Jul 07 19:36:30 arthur sharpen-240[5059]: Processing time: 0.770343 seconds
Jul 07 19:36:31 arthur sharpen-240[5059]: Processing time: 0.773788 seconds
Jul 07 19:36:32 arthur sharpen-240[5059]: Processing time: 0.774382 seconds
Jul 07 19:36:33 arthur sharpen-240[5059]: Processing time: 0.770154 seconds
Jul 07 19:36:33 arthur sharpen-240[5059]: Processing time: 0.770202 seconds
Jul 07 19:36:34 arthur sharpen-240[5059]: Processing time: 0.771553 seconds
Jul 07 19:36:35 arthur sharpen-240[5059]: Processing time: 0.771555 seconds
Jul 07 19:36:36 arthur sharpen-240[5059]: Processing time: 0.770643 seconds
Jul 07 19:36:37 arthur sharpen-240[5059]: Processing time: 0.770802 seconds
Jul 07 19:36:37 arthur sharpen-240[5059]: Processing time: 0.771837 seconds
Jul 07 19:36:38 arthur sharpen-240[5059]: Processing time: 0.771523 seconds
Jul 07 19:36:39 arthur sharpen-240[5059]: Processing time: 0.770500 seconds
Jul 07 19:36:40 arthur sharpen-240[5059]: Processing time: 0.770899 seconds
Jul 07 19:36:40 arthur sharpen-240[5059]: Processing time: 0.774189 seconds
Jul 07 19:36:41 arthur sharpen-240[5059]: Processing time: 0.770601 seconds
Jul 07 19:36:42 arthur sharpen-240[5059]: Processing time: 0.773308 seconds
Jul 07 19:36:43 arthur sharpen-240[5059]: Processing time: 0.774428 seconds
Jul 07 19:36:43 arthur sharpen-240[5059]: Processing time: 0.771736 seconds
Jul 07 19:36:44 arthur sharpen-240[5059]: Processing time: 0.771687 seconds
Jul 07 19:36:45 arthur sharpen-240[5059]: Processing time: 0.771058 seconds
Jul 07 19:36:46 arthur sharpen-240[5059]: Processing time: 0.770447 seconds
Jul 07 19:36:47 arthur sharpen-240[5059]: Processing time: 0.771564 seconds
Jul 07 19:36:47 arthur sharpen-240[5059]: Processing time: 0.772535 seconds
Jul 07 19:36:48 arthur sharpen-240[5059]: Processing time: 0.769984 seconds
Jul 07 19:36:49 arthur sharpen-240[5059]: Processing time: 0.773342 seconds
Jul 07 19:36:50 arthur sharpen-240[5059]: Processing time: 0.771644 seconds
Jul 07 19:36:50 arthur sharpen-240[5059]: Processing time: 0.770131 seconds
Jul 07 19:36:51 arthur sharpen-240[5059]: Processing time: 0.771726 seconds
Jul 07 19:36:52 arthur sharpen-240[5059]: Processing time: 0.774494 seconds
Jul 07 19:36:53 arthur sharpen-240[5059]: Processing time: 0.770698 seconds
Jul 07 19:36:54 arthur sharpen-240[5059]: Processing time: 0.774615 seconds
Jul 07 19:36:54 arthur sharpen-240[5059]: Processing time: 0.771058 seconds
Jul 07 19:36:55 arthur sharpen-240[5059]: Processing time: 0.771046 seconds
Jul 07 19:36:56 arthur sharpen-240[5059]: Processing time: 0.770445 seconds
Jul 07 19:36:57 arthur sharpen-240[5059]: Processing time: 0.770404 seconds
Jul 07 19:36:57 arthur sharpen-240[5059]: Processing time: 0.773784 seconds
Jul 07 19:36:58 arthur sharpen-240[5059]: Processing time: 0.775050 seconds
Jul 07 19:36:59 arthur sharpen-240[5059]: Processing time: 0.774344 seconds
Jul 07 19:37:00 arthur sharpen-240[5059]: Processing time: 0.771289 seconds
Jul 07 19:37:00 arthur sharpen-240[5059]: Processing time: 0.762855 seconds
Jul 07 19:37:01 arthur sharpen-240[5059]: Processing time: 0.771267 seconds
Jul 07 19:37:02 arthur sharpen-240[5059]: Processing time: 0.770903 seconds
Jul 07 19:37:03 arthur sharpen-240[5059]: Processing time: 0.771090 seconds
Jul 07 19:37:04 arthur sharpen-240[5059]: Processing time: 0.770057 seconds
Jul 07 19:37:04 arthur sharpen-240[5059]: Processing time: 0.774735 seconds
Jul 07 19:37:05 arthur sharpen-240[5059]: Processing time: 0.769861 seconds
Jul 07 19:37:06 arthur sharpen-240[5059]: Processing time: 0.769651 seconds
Jul 07 19:37:07 arthur sharpen-240[5059]: Processing time: 0.772835 seconds
Jul 07 19:37:07 arthur sharpen-240[5059]: Processing time: 0.775890 seconds
Jul 07 19:37:08 arthur sharpen-240[5059]: Processing time: 0.769549 seconds
Jul 07 19:37:09 arthur sharpen-240[5059]: Processing time: 0.771444 seconds
Jul 07 19:37:10 arthur sharpen-240[5059]: Processing time: 0.772348 seconds
Jul 07 19:37:10 arthur sharpen-240[5059]: Processing time: 0.771374 seconds
Jul 07 19:37:11 arthur sharpen-240[5059]: Processing time: 0.771050 seconds
Jul 07 19:37:12 arthur sharpen-240[5059]: Processing time: 0.770149 seconds
Jul 07 19:37:13 arthur sharpen-240[5059]: Processing time: 0.770404 seconds
Jul 07 19:37:14 arthur sharpen-240[5059]: Processing time: 0.770495 seconds
Jul 07 19:37:14 arthur sharpen-240[5059]: Processing time: 0.770835 seconds
Jul 07 19:37:15 arthur sharpen-240[5059]: Processing time: 0.773433 seconds
Jul 07 19:37:16 arthur sharpen-240[5059]: Processing time: 0.772770 seconds
Jul 07 19:37:17 arthur sharpen-240[5059]: Processing time: 0.773839 seconds
Jul 07 19:37:17 arthur sharpen-240[5059]: Processing time: 0.771925 seconds
Jul 07 19:37:18 arthur sharpen-240[5059]: Processing time: 0.767710 seconds
Jul 07 19:37:19 arthur sharpen-240[5059]: Processing time: 0.770879 seconds
Jul 07 19:37:20 arthur sharpen-240[5059]: Processing time: 0.770940 seconds
Jul 07 19:37:21 arthur sharpen-240[5059]: Processing time: 0.770973 seconds
Jul 07 19:37:21 arthur sharpen-240[5059]: Processing time: 0.770063 seconds
Jul 07 19:37:22 arthur sharpen-240[5059]: Processing time: 0.770554 seconds
Jul 07 19:37:23 arthur sharpen-240[5059]: Processing time: 0.770481 seconds
Jul 07 19:37:24 arthur sharpen-240[5059]: Processing time: 0.770546 seconds
Jul 07 19:37:24 arthur sharpen-240[5059]: Processing time: 0.774035 seconds
Jul 07 19:37:25 arthur sharpen-240[5059]: Processing time: 0.773212 seconds
Jul 07 19:37:26 arthur sharpen-240[5059]: Processing time: 0.773778 seconds
Jul 07 19:37:27 arthur sharpen-240[5059]: Processing time: 0.771424 seconds
Jul 07 19:37:27 arthur sharpen-240[5059]: Processing time: 0.773012 seconds
Jul 07 19:37:28 arthur sharpen-240[5059]: Processing time: 0.769935 seconds
Jul 07 19:37:29 arthur sharpen-240[5059]: Processing time: 0.770243 seconds
Jul 07 19:37:30 arthur sharpen-240[5059]: Processing time: 0.770644 seconds
Jul 07 19:37:31 arthur sharpen-240[5059]: Processing time: 0.770657 seconds
Jul 07 19:37:31 arthur sharpen-240[5059]: Processing time: 0.769230 seconds
Jul 07 19:37:32 arthur sharpen-240[5059]: Processing time: 0.770201 seconds
Jul 07 19:37:33 arthur sharpen-240[5059]: Processing time: 0.773122 seconds
Jul 07 19:37:34 arthur sharpen-240[5059]: Processing time: 0.774124 seconds
Jul 07 19:37:34 arthur sharpen-240[5059]: Processing time: 0.772966 seconds
Jul 07 19:37:35 arthur sharpen-240[5059]: Processing time: 0.770437 seconds
Jul 07 19:37:36 arthur sharpen-240[5059]: Processing time: 0.770766 seconds
Jul 07 19:37:37 arthur sharpen-240[5059]: Processing time: 0.770634 seconds
Jul 07 19:37:38 arthur sharpen-240[5059]: Processing time: 0.771563 seconds
Jul 07 19:37:38 arthur sharpen-240[5059]: Processing time: 0.773731 seconds
Jul 07 19:37:39 arthur sharpen-240[5059]: Processing time: 0.770647 seconds
Jul 07 19:37:40 arthur sharpen-240[5059]: Processing time: 0.770198 seconds
Jul 07 19:37:41 arthur sharpen-240[5059]: Processing time: 0.770138 seconds
Jul 07 19:37:41 arthur sharpen-240[5059]: Processing time: 0.770976 seconds
Jul 07 19:37:42 arthur sharpen-240[5059]: Processing time: 0.772900 seconds
Jul 07 19:37:43 arthur sharpen-240[5059]: Processing time: 0.770787 seconds
Jul 07 19:37:44 arthur sharpen-240[5059]: Processing time: 0.773026 seconds
Jul 07 19:37:44 arthur sharpen-240[5059]: Processing time: 0.771720 seconds
Jul 07 19:37:45 arthur sharpen-240[5059]: Processing time: 0.772781 seconds
Jul 07 19:37:46 arthur sharpen-240[5059]: Processing time: 0.770254 seconds
Jul 07 19:37:47 arthur sharpen-240[5059]: Processing time: 0.770270 seconds
Jul 07 19:37:48 arthur sharpen-240[5059]: Processing time: 0.772595 seconds
Jul 07 19:37:48 arthur sharpen-240[5059]: Processing time: 0.773375 seconds
Jul 07 19:37:49 arthur sharpen-240[5059]: Processing time: 0.773351 seconds
Jul 07 19:37:50 arthur sharpen-240[5059]: Processing time: 0.769401 seconds
Jul 07 19:37:51 arthur sharpen-240[5059]: Processing time: 0.773795 seconds
Jul 07 19:37:51 arthur sharpen-240[5059]: Processing time: 0.769698 seconds
Jul 07 19:37:52 arthur sharpen-240[5059]: Processing time: 0.773594 seconds
Jul 07 19:37:53 arthur sharpen-240[5059]: Processing time: 0.771366 seconds
Jul 07 19:37:54 arthur sharpen-240[5059]: Processing time: 0.772769 seconds
Jul 07 19:37:54 arthur sharpen-240[5059]: Processing time: 0.775122 seconds
Jul 07 19:37:55 arthur sharpen-240[5059]: Processing time: 0.770689 seconds
Jul 07 19:37:56 arthur sharpen-240[5059]: Processing time: 0.772115 seconds
Jul 07 19:37:57 arthur sharpen-240[5059]: Processing time: 0.771520 seconds
Jul 07 19:37:58 arthur sharpen-240[5059]: Processing time: 0.773137 seconds
Jul 07 19:37:58 arthur sharpen-240[5059]: Processing time: 0.770320 seconds
Jul 07 19:37:59 arthur sharpen-240[5059]: Processing time: 0.773997 seconds
Jul 07 19:38:00 arthur sharpen-240[5059]: Processing time: 0.773044 seconds
Jul 07 19:38:01 arthur sharpen-240[5059]: Processing time: 0.773508 seconds
Jul 07 19:38:01 arthur sharpen-240[5059]: Processing time: 0.771786 seconds
Jul 07 19:38:02 arthur sharpen-240[5059]: Processing time: 0.771283 seconds
Jul 07 19:38:03 arthur sharpen-240[5059]: Processing time: 0.773188 seconds
Jul 07 19:38:04 arthur sharpen-240[5059]: Processing time: 0.770580 seconds
Jul 07 19:38:05 arthur sharpen-240[5059]: Processing time: 0.770866 seconds
Jul 07 19:38:05 arthur sharpen-240[5059]: Processing time: 0.773059 seconds
Jul 07 19:38:06 arthur sharpen-240[5059]: Processing time: 0.770159 seconds
Jul 07 19:38:07 arthur sharpen-240[5059]: Processing time: 0.770299 seconds
Jul 07 19:38:08 arthur sharpen-240[5059]: Processing time: 0.773883 seconds
Jul 07 19:38:08 arthur sharpen-240[5059]: Processing time: 0.769184 seconds
Jul 07 19:38:09 arthur sharpen-240[5059]: Processing time: 0.773353 seconds
Jul 07 19:38:10 arthur sharpen-240[5059]: Processing time: 0.772006 seconds
Jul 07 19:38:11 arthur sharpen-240[5059]: Processing time: 0.770507 seconds
Jul 07 19:38:11 arthur sharpen-240[5059]: Processing time: 0.774505 seconds
Jul 07 19:38:12 arthur sharpen-240[5059]: Processing time: 0.770041 seconds
Jul 07 19:38:13 arthur sharpen-240[5059]: Processing time: 0.770177 seconds
Jul 07 19:38:14 arthur sharpen-240[5059]: Processing time: 0.770972 seconds
Jul 07 19:38:15 arthur sharpen-240[5059]: Processing time: 0.762689 seconds
Jul 07 19:38:15 arthur sharpen-240[5059]: Processing time: 0.761688 seconds
Jul 07 19:38:16 arthur sharpen-240[5059]: Processing time: 0.759106 seconds
Jul 07 19:38:17 arthur sharpen-240[5059]: Processing time: 0.762620 seconds
Jul 07 19:38:18 arthur sharpen-240[5059]: Processing time: 0.762938 seconds
Jul 07 19:38:18 arthur sharpen-240[5059]: Processing time: 0.761991 seconds
Jul 07 19:38:19 arthur sharpen-240[5059]: Processing time: 0.766949 seconds
Jul 07 19:38:19 arthur sudo[5057]: pam_unix(sudo:session): session closed for user root
Jul 07 19:39:48 arthur dbus-daemon[2668]: [session uid=1000 pid=2668] Activating service name='org.xfce.Xfconf' requested by ':1.13' (uid=1000 pid=2908 comm="xfce4-panel")
Jul 07 19:39:48 arthur dbus-daemon[2668]: [session uid=1000 pid=2668] Successfully activated service 'org.xfce.Xfconf'
